<?xml version="1.0" encoding="UTF-8"?>
<testsuite xmlns:xsi="http://www.w3.org/2001/XMLSchema-instance" xsi:noNamespaceSchemaLocation="https://maven.apache.org/surefire/maven-surefire-plugin/xsd/surefire-test-report.xsd" name="com.example.xmaswishes.AppTest" time="0.009" tests="1" errors="0" skipped="0" failures="0">
  <properties>
    <property name="java.specification.version" value="17"/>
    <property name="sun.jnu.encoding" value="UTF-8"/>
    <property name="java.class.path" value="/Users/hakanbayindir/WebstormProjects/XmasWishes/xmaswishes-camel/target/test-classes:/Users/hakanbayindir/WebstormProjects/XmasWishes/xmaswishes-camel/target/classes:/Users/hakanbayindir/.m2/repository/org/springframework/boot/spring-boot-starter/2.5.4/spring-boot-starter-2.5.4.jar:/Users/hakanbayindir/.m2/repository/org/springframework/boot/spring-boot/2.5.4/spring-boot-2.5.4.jar:/Users/hakanbayindir/.m2/repository/org/springframework/spring-context/5.3.9/spring-context-5.3.9.jar:/Users/hakanbayindir/.m2/repository/org/springframework/spring-aop/5.3.9/spring-aop-5.3.9.jar:/Users/hakanbayindir/.m2/repository/org/springframework/spring-beans/5.3.9/spring-beans-5.3.9.jar:/Users/hakanbayindir/.m2/repository/org/springframework/spring-expression/5.3.9/spring-expression-5.3.9.jar:/Users/hakanbayindir/.m2/repository/org/springframework/boot/spring-boot-autoconfigure/2.5.4/spring-boot-autoconfigure-2.5.4.jar:/Users/hakanbayindir/.m2/repository/org/springframework/boot/spring-boot-starter-logging/2.5.4/spring-boot-starter-logging-2.5.4.jar:/Users/hakanbayindir/.m2/repository/ch/qos/logback/logback-classic/1.2.5/logback-classic-1.2.5.jar:/Users/hakanbayindir/.m2/repository/ch/qos/logback/logback-core/1.2.5/logback-core-1.2.5.jar:/Users/hakanbayindir/.m2/repository/org/apache/logging/log4j/log4j-to-slf4j/2.14.1/log4j-to-slf4j-2.14.1.jar:/Users/hakanbayindir/.m2/repository/org/apache/logging/log4j/log4j-api/2.14.1/log4j-api-2.14.1.jar:/Users/hakanbayindir/.m2/repository/org/slf4j/jul-to-slf4j/1.7.32/jul-to-slf4j-1.7.32.jar:/Users/hakanbayindir/.m2/repository/jakarta/annotation/jakarta.annotation-api/1.3.5/jakarta.annotation-api-1.3.5.jar:/Users/hakanbayindir/.m2/repository/org/springframework/spring-core/5.3.9/spring-core-5.3.9.jar:/Users/hakanbayindir/.m2/repository/org/springframework/spring-jcl/5.3.9/spring-jcl-5.3.9.jar:/Users/hakanbayindir/.m2/repository/org/yaml/snakeyaml/1.28/snakeyaml-1.28.jar:/Users/hakanbayindir/.m2/repository/org/apache/camel/springboot/camel-spring-boot-starter/3.11.0/camel-spring-boot-starter-3.11.0.jar:/Users/hakanbayindir/.m2/repository/org/apache/camel/springboot/camel-spring-boot/3.11.0/camel-spring-boot-3.11.0.jar:/Users/hakanbayindir/.m2/repository/org/apache/camel/camel-spring/3.11.0/camel-spring-3.11.0.jar:/Users/hakanbayindir/.m2/repository/org/springframework/spring-tx/5.3.9/spring-tx-5.3.9.jar:/Users/hakanbayindir/.m2/repository/org/apache/camel/camel-spring-main/3.11.0/camel-spring-main-3.11.0.jar:/Users/hakanbayindir/.m2/repository/org/apache/camel/camel-main/3.11.0/camel-main-3.11.0.jar:/Users/hakanbayindir/.m2/repository/org/apache/camel/camel-core-languages/3.11.0/camel-core-languages-3.11.0.jar:/Users/hakanbayindir/.m2/repository/org/apache/camel/camel-xml-jaxb-dsl/3.11.0/camel-xml-jaxb-dsl-3.11.0.jar:/Users/hakanbayindir/.m2/repository/org/apache/camel/camel-xml-jaxb/3.11.0/camel-xml-jaxb-3.11.0.jar:/Users/hakanbayindir/.m2/repository/com/sun/xml/bind/jaxb-core/2.3.0/jaxb-core-2.3.0.jar:/Users/hakanbayindir/.m2/repository/com/sun/xml/bind/jaxb-impl/2.3.3/jaxb-impl-2.3.3.jar:/Users/hakanbayindir/.m2/repository/org/apache/camel/camel-dsl-support/3.11.0/camel-dsl-support-3.11.0.jar:/Users/hakanbayindir/.m2/repository/org/apache/camel/camel-endpointdsl/3.11.0/camel-endpointdsl-3.11.0.jar:/Users/hakanbayindir/.m2/repository/org/apache/camel/camel-spring-xml/3.11.0/camel-spring-xml-3.11.0.jar:/Users/hakanbayindir/.m2/repository/org/apache/camel/camel-core-xml/3.11.0/camel-core-xml-3.11.0.jar:/Users/hakanbayindir/.m2/repository/org/apache/camel/camel-health/3.11.0/camel-health-3.11.0.jar:/Users/hakanbayindir/.m2/repository/org/apache/camel/springboot/camel-core-starter/3.11.0/camel-core-starter-3.11.0.jar:/Users/hakanbayindir/.m2/repository/org/apache/camel/springboot/camel-bean-starter/3.11.0/camel-bean-starter-3.11.0.jar:/Users/hakanbayindir/.m2/repository/org/apache/camel/camel-bean/3.11.0/camel-bean-3.11.0.jar:/Users/hakanbayindir/.m2/repository/org/apache/camel/springboot/camel-browse-starter/3.11.0/camel-browse-starter-3.11.0.jar:/Users/hakanbayindir/.m2/repository/org/apache/camel/camel-browse/3.11.0/camel-browse-3.11.0.jar:/Users/hakanbayindir/.m2/repository/org/apache/camel/springboot/camel-controlbus-starter/3.11.0/camel-controlbus-starter-3.11.0.jar:/Users/hakanbayindir/.m2/repository/org/apache/camel/camel-controlbus/3.11.0/camel-controlbus-3.11.0.jar:/Users/hakanbayindir/.m2/repository/org/apache/camel/springboot/camel-dataformat-starter/3.11.0/camel-dataformat-starter-3.11.0.jar:/Users/hakanbayindir/.m2/repository/org/apache/camel/camel-dataformat/3.11.0/camel-dataformat-3.11.0.jar:/Users/hakanbayindir/.m2/repository/org/apache/camel/springboot/camel-dataset-starter/3.11.0/camel-dataset-starter-3.11.0.jar:/Users/hakanbayindir/.m2/repository/org/apache/camel/camel-dataset/3.11.0/camel-dataset-3.11.0.jar:/Users/hakanbayindir/.m2/repository/org/apache/camel/springboot/camel-direct-starter/3.11.0/camel-direct-starter-3.11.0.jar:/Users/hakanbayindir/.m2/repository/org/apache/camel/camel-direct/3.11.0/camel-direct-3.11.0.jar:/Users/hakanbayindir/.m2/repository/org/apache/camel/springboot/camel-directvm-starter/3.11.0/camel-directvm-starter-3.11.0.jar:/Users/hakanbayindir/.m2/repository/org/apache/camel/camel-directvm/3.11.0/camel-directvm-3.11.0.jar:/Users/hakanbayindir/.m2/repository/org/apache/camel/springboot/camel-file-starter/3.11.0/camel-file-starter-3.11.0.jar:/Users/hakanbayindir/.m2/repository/org/apache/camel/springboot/camel-language-starter/3.11.0/camel-language-starter-3.11.0.jar:/Users/hakanbayindir/.m2/repository/org/apache/camel/camel-language/3.11.0/camel-language-3.11.0.jar:/Users/hakanbayindir/.m2/repository/org/apache/camel/springboot/camel-log-starter/3.11.0/camel-log-starter-3.11.0.jar:/Users/hakanbayindir/.m2/repository/org/apache/camel/springboot/camel-mock-starter/3.11.0/camel-mock-starter-3.11.0.jar:/Users/hakanbayindir/.m2/repository/org/apache/camel/camel-mock/3.11.0/camel-mock-3.11.0.jar:/Users/hakanbayindir/.m2/repository/org/apache/camel/springboot/camel-ref-starter/3.11.0/camel-ref-starter-3.11.0.jar:/Users/hakanbayindir/.m2/repository/org/apache/camel/camel-ref/3.11.0/camel-ref-3.11.0.jar:/Users/hakanbayindir/.m2/repository/org/apache/camel/springboot/camel-rest-starter/3.11.0/camel-rest-starter-3.11.0.jar:/Users/hakanbayindir/.m2/repository/org/apache/camel/camel-rest/3.11.0/camel-rest-3.11.0.jar:/Users/hakanbayindir/.m2/repository/org/apache/camel/camel-tooling-model/3.11.0/camel-tooling-model-3.11.0.jar:/Users/hakanbayindir/.m2/repository/org/apache/camel/camel-util-json/3.11.0/camel-util-json-3.11.0.jar:/Users/hakanbayindir/.m2/repository/org/apache/camel/springboot/camel-saga-starter/3.11.0/camel-saga-starter-3.11.0.jar:/Users/hakanbayindir/.m2/repository/org/apache/camel/camel-saga/3.11.0/camel-saga-3.11.0.jar:/Users/hakanbayindir/.m2/repository/org/apache/camel/springboot/camel-scheduler-starter/3.11.0/camel-scheduler-starter-3.11.0.jar:/Users/hakanbayindir/.m2/repository/org/apache/camel/camel-scheduler/3.11.0/camel-scheduler-3.11.0.jar:/Users/hakanbayindir/.m2/repository/org/apache/camel/springboot/camel-seda-starter/3.11.0/camel-seda-starter-3.11.0.jar:/Users/hakanbayindir/.m2/repository/org/apache/camel/camel-seda/3.11.0/camel-seda-3.11.0.jar:/Users/hakanbayindir/.m2/repository/org/apache/camel/springboot/camel-stub-starter/3.11.0/camel-stub-starter-3.11.0.jar:/Users/hakanbayindir/.m2/repository/org/apache/camel/camel-stub/3.11.0/camel-stub-3.11.0.jar:/Users/hakanbayindir/.m2/repository/org/apache/camel/springboot/camel-timer-starter/3.11.0/camel-timer-starter-3.11.0.jar:/Users/hakanbayindir/.m2/repository/org/apache/camel/camel-timer/3.11.0/camel-timer-3.11.0.jar:/Users/hakanbayindir/.m2/repository/org/apache/camel/springboot/camel-validator-starter/3.11.0/camel-validator-starter-3.11.0.jar:/Users/hakanbayindir/.m2/repository/org/apache/camel/camel-validator/3.11.0/camel-validator-3.11.0.jar:/Users/hakanbayindir/.m2/repository/org/apache/camel/springboot/camel-vm-starter/3.11.0/camel-vm-starter-3.11.0.jar:/Users/hakanbayindir/.m2/repository/org/apache/camel/camel-vm/3.11.0/camel-vm-3.11.0.jar:/Users/hakanbayindir/.m2/repository/org/apache/camel/springboot/camel-xpath-starter/3.11.0/camel-xpath-starter-3.11.0.jar:/Users/hakanbayindir/.m2/repository/org/apache/camel/camel-xpath/3.11.0/camel-xpath-3.11.0.jar:/Users/hakanbayindir/.m2/repository/org/apache/camel/springboot/camel-xslt-starter/3.11.0/camel-xslt-starter-3.11.0.jar:/Users/hakanbayindir/.m2/repository/org/apache/camel/camel-xslt/3.11.0/camel-xslt-3.11.0.jar:/Users/hakanbayindir/.m2/repository/org/apache/camel/springboot/camel-xml-jaxp-starter/3.11.0/camel-xml-jaxp-starter-3.11.0.jar:/Users/hakanbayindir/.m2/repository/org/apache/camel/camel-xml-jaxp/3.11.0/camel-xml-jaxp-3.11.0.jar:/Users/hakanbayindir/.m2/repository/org/apache/camel/camel-xml-io-util/3.11.0/camel-xml-io-util-3.11.0.jar:/Users/hakanbayindir/.m2/repository/org/apache/camel/camel-http/3.11.0/camel-http-3.11.0.jar:/Users/hakanbayindir/.m2/repository/org/apache/camel/camel-cloud/3.11.0/camel-cloud-3.11.0.jar:/Users/hakanbayindir/.m2/repository/org/apache/camel/camel-core-model/3.11.0/camel-core-model-3.11.0.jar:/Users/hakanbayindir/.m2/repository/org/apache/camel/camel-core-processor/3.11.0/camel-core-processor-3.11.0.jar:/Users/hakanbayindir/.m2/repository/org/apache/camel/camel-http-common/3.11.0/camel-http-common-3.11.0.jar:/Users/hakanbayindir/.m2/repository/org/apache/camel/camel-http-base/3.11.0/camel-http-base-3.11.0.jar:/Users/hakanbayindir/.m2/repository/org/apache/camel/camel-attachments/3.11.0/camel-attachments-3.11.0.jar:/Users/hakanbayindir/.m2/repository/com/sun/activation/javax.activation/1.2.0/javax.activation-1.2.0.jar:/Users/hakanbayindir/.m2/repository/javax/servlet/javax.servlet-api/4.0.1/javax.servlet-api-4.0.1.jar:/Users/hakanbayindir/.m2/repository/org/apache/httpcomponents/httpclient/4.5.13/httpclient-4.5.13.jar:/Users/hakanbayindir/.m2/repository/org/apache/httpcomponents/httpcore/4.4.14/httpcore-4.4.14.jar:/Users/hakanbayindir/.m2/repository/commons-codec/commons-codec/1.15/commons-codec-1.15.jar:/Users/hakanbayindir/.m2/repository/org/apache/camel/camel-file/3.11.0/camel-file-3.11.0.jar:/Users/hakanbayindir/.m2/repository/org/apache/camel/camel-support/3.11.0/camel-support-3.11.0.jar:/Users/hakanbayindir/.m2/repository/org/apache/camel/camel-api/3.11.0/camel-api-3.11.0.jar:/Users/hakanbayindir/.m2/repository/org/apache/camel/camel-management-api/3.11.0/camel-management-api-3.11.0.jar:/Users/hakanbayindir/.m2/repository/org/apache/camel/camel-util/3.11.0/camel-util-3.11.0.jar:/Users/hakanbayindir/.m2/repository/org/slf4j/slf4j-api/1.7.32/slf4j-api-1.7.32.jar:/Users/hakanbayindir/.m2/repository/org/apache/camel/camel-cluster/3.11.0/camel-cluster-3.11.0.jar:/Users/hakanbayindir/.m2/repository/org/apache/camel/camel-base-engine/3.11.0/camel-base-engine-3.11.0.jar:/Users/hakanbayindir/.m2/repository/org/apache/camel/camel-base/3.11.0/camel-base-3.11.0.jar:/Users/hakanbayindir/.m2/repository/org/apache/camel/camel-jackson/3.11.0/camel-jackson-3.11.0.jar:/Users/hakanbayindir/.m2/repository/org/apache/camel/camel-core-engine/3.11.0/camel-core-engine-3.11.0.jar:/Users/hakanbayindir/.m2/repository/org/apache/camel/camel-core-reifier/3.11.0/camel-core-reifier-3.11.0.jar:/Users/hakanbayindir/.m2/repository/com/fasterxml/jackson/core/jackson-databind/2.12.4/jackson-databind-2.12.4.jar:/Users/hakanbayindir/.m2/repository/com/fasterxml/jackson/core/jackson-annotations/2.12.4/jackson-annotations-2.12.4.jar:/Users/hakanbayindir/.m2/repository/com/fasterxml/jackson/core/jackson-core/2.12.4/jackson-core-2.12.4.jar:/Users/hakanbayindir/.m2/repository/org/apache/camel/camel-log/3.11.0/camel-log-3.11.0.jar:/Users/hakanbayindir/.m2/repository/org/apache/camel/camel-tika/3.11.0/camel-tika-3.11.0.jar:/Users/hakanbayindir/.m2/repository/org/apache/tika/tika-core/1.26/tika-core-1.26.jar:/Users/hakanbayindir/.m2/repository/javax/xml/bind/jaxb-api/2.3.1/jaxb-api-2.3.1.jar:/Users/hakanbayindir/.m2/repository/javax/activation/javax.activation-api/1.2.0/javax.activation-api-1.2.0.jar:/Users/hakanbayindir/.m2/repository/javax/activation/activation/1.1.1/activation-1.1.1.jar:/Users/hakanbayindir/.m2/repository/org/apache/tika/tika-parsers/1.26/tika-parsers-1.26.jar:/Users/hakanbayindir/.m2/repository/xerces/xercesImpl/2.12.1/xercesImpl-2.12.1.jar:/Users/hakanbayindir/.m2/repository/xml-apis/xml-apis/1.4.01/xml-apis-1.4.01.jar:/Users/hakanbayindir/.m2/repository/com/fasterxml/woodstox/woodstox-core/6.2.4/woodstox-core-6.2.4.jar:/Users/hakanbayindir/.m2/repository/org/codehaus/woodstox/stax2-api/4.2.1/stax2-api-4.2.1.jar:/Users/hakanbayindir/.m2/repository/org/apache/commons/commons-lang3/3.12.0/commons-lang3-3.12.0.jar:/Users/hakanbayindir/.m2/repository/javax/annotation/javax.annotation-api/1.3.2/javax.annotation-api-1.3.2.jar:/Users/hakanbayindir/.m2/repository/org/gagravarr/vorbis-java-tika/0.8/vorbis-java-tika-0.8.jar:/Users/hakanbayindir/.m2/repository/org/tallison/jmatio/1.5/jmatio-1.5.jar:/Users/hakanbayindir/.m2/repository/org/apache/james/apache-mime4j-core/0.8.3/apache-mime4j-core-0.8.3.jar:/Users/hakanbayindir/.m2/repository/org/apache/james/apache-mime4j-dom/0.8.3/apache-mime4j-dom-0.8.3.jar:/Users/hakanbayindir/.m2/repository/com/googlecode/plist/dd-plist/1.23/dd-plist-1.23.jar:/Users/hakanbayindir/.m2/repository/org/apache/commons/commons-compress/1.20/commons-compress-1.20.jar:/Users/hakanbayindir/.m2/repository/org/tukaani/xz/1.9/xz-1.9.jar:/Users/hakanbayindir/.m2/repository/com/epam/parso/2.0.14/parso-2.0.14.jar:/Users/hakanbayindir/.m2/repository/org/brotli/dec/0.1.2/dec-0.1.2.jar:/Users/hakanbayindir/.m2/repository/org/apache/pdfbox/pdfbox/2.0.23/pdfbox-2.0.23.jar:/Users/hakanbayindir/.m2/repository/org/apache/pdfbox/fontbox/2.0.23/fontbox-2.0.23.jar:/Users/hakanbayindir/.m2/repository/org/apache/pdfbox/pdfbox-tools/2.0.23/pdfbox-tools-2.0.23.jar:/Users/hakanbayindir/.m2/repository/org/apache/pdfbox/preflight/2.0.23/preflight-2.0.23.jar:/Users/hakanbayindir/.m2/repository/org/apache/pdfbox/jempbox/1.8.16/jempbox-1.8.16.jar:/Users/hakanbayindir/.m2/repository/org/apache/pdfbox/xmpbox/2.0.23/xmpbox-2.0.23.jar:/Users/hakanbayindir/.m2/repository/commons-logging/commons-logging/1.2/commons-logging-1.2.jar:/Users/hakanbayindir/.m2/repository/org/bouncycastle/bcmail-jdk15on/1.68/bcmail-jdk15on-1.68.jar:/Users/hakanbayindir/.m2/repository/org/bouncycastle/bcpkix-jdk15on/1.68/bcpkix-jdk15on-1.68.jar:/Users/hakanbayindir/.m2/repository/org/bouncycastle/bcprov-jdk15on/1.68/bcprov-jdk15on-1.68.jar:/Users/hakanbayindir/.m2/repository/org/apache/poi/poi/4.1.2/poi-4.1.2.jar:/Users/hakanbayindir/.m2/repository/org/apache/commons/commons-collections4/4.4/commons-collections4-4.4.jar:/Users/hakanbayindir/.m2/repository/org/apache/commons/commons-math3/3.6.1/commons-math3-3.6.1.jar:/Users/hakanbayindir/.m2/repository/com/zaxxer/SparseBitSet/1.2/SparseBitSet-1.2.jar:/Users/hakanbayindir/.m2/repository/org/apache/poi/poi-scratchpad/4.1.2/poi-scratchpad-4.1.2.jar:/Users/hakanbayindir/.m2/repository/org/apache/poi/poi-ooxml/4.1.2/poi-ooxml-4.1.2.jar:/Users/hakanbayindir/.m2/repository/org/apache/poi/poi-ooxml-schemas/4.1.2/poi-ooxml-schemas-4.1.2.jar:/Users/hakanbayindir/.m2/repository/org/apache/xmlbeans/xmlbeans/3.1.0/xmlbeans-3.1.0.jar:/Users/hakanbayindir/.m2/repository/com/github/virtuald/curvesapi/1.06/curvesapi-1.06.jar:/Users/hakanbayindir/.m2/repository/com/healthmarketscience/jackcess/jackcess/4.0.0/jackcess-4.0.0.jar:/Users/hakanbayindir/.m2/repository/com/healthmarketscience/jackcess/jackcess-encrypt/4.0.1/jackcess-encrypt-4.0.1.jar:/Users/hakanbayindir/.m2/repository/org/ccil/cowan/tagsoup/tagsoup/1.2.1/tagsoup-1.2.1.jar:/Users/hakanbayindir/.m2/repository/org/ow2/asm/asm/9.1/asm-9.1.jar:/Users/hakanbayindir/.m2/repository/org/tallison/isoparser/1.9.41.4/isoparser-1.9.41.4.jar:/Users/hakanbayindir/.m2/repository/org/tallison/metadata-extractor/2.15.0.1/metadata-extractor-2.15.0.1.jar:/Users/hakanbayindir/.m2/repository/org/tallison/xmp/xmpcore-shaded/6.1.11/xmpcore-shaded-6.1.11.jar:/Users/hakanbayindir/.m2/repository/de/l3s/boilerpipe/boilerpipe/1.1.0/boilerpipe-1.1.0.jar:/Users/hakanbayindir/.m2/repository/com/rometools/rome/1.15.0/rome-1.15.0.jar:/Users/hakanbayindir/.m2/repository/com/rometools/rome-utils/1.15.0/rome-utils-1.15.0.jar:/Users/hakanbayindir/.m2/repository/org/gagravarr/vorbis-java-core/0.8/vorbis-java-core-0.8.jar:/Users/hakanbayindir/.m2/repository/com/googlecode/juniversalchardet/juniversalchardet/1.0.3/juniversalchardet-1.0.3.jar:/Users/hakanbayindir/.m2/repository/org/codelibs/jhighlight/1.0.3/jhighlight-1.0.3.jar:/Users/hakanbayindir/.m2/repository/com/pff/java-libpst/0.9.3/java-libpst-0.9.3.jar:/Users/hakanbayindir/.m2/repository/com/github/junrar/junrar/7.4.0/junrar-7.4.0.jar:/Users/hakanbayindir/.m2/repository/org/apache/cxf/cxf-rt-rs-client/3.4.3/cxf-rt-rs-client-3.4.3.jar:/Users/hakanbayindir/.m2/repository/org/apache/cxf/cxf-rt-transports-http/3.4.3/cxf-rt-transports-http-3.4.3.jar:/Users/hakanbayindir/.m2/repository/org/apache/cxf/cxf-core/3.4.3/cxf-core-3.4.3.jar:/Users/hakanbayindir/.m2/repository/org/apache/ws/xmlschema/xmlschema-core/2.2.5/xmlschema-core-2.2.5.jar:/Users/hakanbayindir/.m2/repository/org/apache/cxf/cxf-rt-frontend-jaxrs/3.4.3/cxf-rt-frontend-jaxrs-3.4.3.jar:/Users/hakanbayindir/.m2/repository/jakarta/ws/rs/jakarta.ws.rs-api/2.1.6/jakarta.ws.rs-api-2.1.6.jar:/Users/hakanbayindir/.m2/repository/org/apache/cxf/cxf-rt-security/3.4.3/cxf-rt-security-3.4.3.jar:/Users/hakanbayindir/.m2/repository/jakarta/xml/ws/jakarta.xml.ws-api/2.3.3/jakarta.xml.ws-api-2.3.3.jar:/Users/hakanbayindir/.m2/repository/jakarta/jws/jakarta.jws-api/2.1.0/jakarta.jws-api-2.1.0.jar:/Users/hakanbayindir/.m2/repository/jakarta/xml/soap/jakarta.xml.soap-api/1.4.2/jakarta.xml.soap-api-1.4.2.jar:/Users/hakanbayindir/.m2/repository/com/sun/xml/messaging/saaj/saaj-impl/1.5.3/saaj-impl-1.5.3.jar:/Users/hakanbayindir/.m2/repository/org/jvnet/staxex/stax-ex/1.8.3/stax-ex-1.8.3.jar:/Users/hakanbayindir/.m2/repository/org/apache/geronimo/specs/geronimo-jta_1.1_spec/1.1.1/geronimo-jta_1.1_spec-1.1.1.jar:/Users/hakanbayindir/.m2/repository/org/jboss/spec/javax/rmi/jboss-rmi-api_1.0_spec/1.0.6.Final/jboss-rmi-api_1.0_spec-1.0.6.Final.jar:/Users/hakanbayindir/.m2/repository/org/glassfish/jaxb/jaxb-runtime/2.3.5/jaxb-runtime-2.3.5.jar:/Users/hakanbayindir/.m2/repository/org/glassfish/jaxb/txw2/2.3.5/txw2-2.3.5.jar:/Users/hakanbayindir/.m2/repository/com/sun/istack/istack-commons-runtime/3.0.12/istack-commons-runtime-3.0.12.jar:/Users/hakanbayindir/.m2/repository/com/sun/activation/jakarta.activation/1.2.2/jakarta.activation-1.2.2.jar:/Users/hakanbayindir/.m2/repository/org/apache/commons/commons-exec/1.3/commons-exec-1.3.jar:/Users/hakanbayindir/.m2/repository/org/apache/opennlp/opennlp-tools/1.9.3/opennlp-tools-1.9.3.jar:/Users/hakanbayindir/.m2/repository/commons-io/commons-io/2.8.0/commons-io-2.8.0.jar:/Users/hakanbayindir/.m2/repository/com/googlecode/json-simple/json-simple/1.1.1/json-simple-1.1.1.jar:/Users/hakanbayindir/.m2/repository/com/github/openjson/openjson/1.0.12/openjson-1.0.12.jar:/Users/hakanbayindir/.m2/repository/com/google/code/gson/gson/2.8.7/gson-2.8.7.jar:/Users/hakanbayindir/.m2/repository/org/slf4j/jcl-over-slf4j/1.7.32/jcl-over-slf4j-1.7.32.jar:/Users/hakanbayindir/.m2/repository/edu/ucar/netcdf4/4.5.5/netcdf4-4.5.5.jar:/Users/hakanbayindir/.m2/repository/org/jdom/jdom2/2.0.6/jdom2-2.0.6.jar:/Users/hakanbayindir/.m2/repository/com/google/guava/guava/30.1.1-jre/guava-30.1.1-jre.jar:/Users/hakanbayindir/.m2/repository/com/google/guava/failureaccess/1.0.1/failureaccess-1.0.1.jar:/Users/hakanbayindir/.m2/repository/com/google/guava/listenablefuture/9999.0-empty-to-avoid-conflict-with-guava/listenablefuture-9999.0-empty-to-avoid-conflict-with-guava.jar:/Users/hakanbayindir/.m2/repository/com/google/code/findbugs/jsr305/3.0.2/jsr305-3.0.2.jar:/Users/hakanbayindir/.m2/repository/org/checkerframework/checker-qual/3.8.0/checker-qual-3.8.0.jar:/Users/hakanbayindir/.m2/repository/com/google/errorprone/error_prone_annotations/2.5.1/error_prone_annotations-2.5.1.jar:/Users/hakanbayindir/.m2/repository/com/google/j2objc/j2objc-annotations/1.3/j2objc-annotations-1.3.jar:/Users/hakanbayindir/.m2/repository/edu/ucar/grib/4.5.5/grib-4.5.5.jar:/Users/hakanbayindir/.m2/repository/org/itadaki/bzip2/0.9.1/bzip2-0.9.1.jar:/Users/hakanbayindir/.m2/repository/net/jcip/jcip-annotations/1.0/jcip-annotations-1.0.jar:/Users/hakanbayindir/.m2/repository/com/beust/jcommander/1.81/jcommander-1.81.jar:/Users/hakanbayindir/.m2/repository/net/java/dev/jna/jna/5.8.0/jna-5.8.0.jar:/Users/hakanbayindir/.m2/repository/org/jsoup/jsoup/1.13.1/jsoup-1.13.1.jar:/Users/hakanbayindir/.m2/repository/com/google/protobuf/protobuf-java/3.15.6/protobuf-java-3.15.6.jar:/Users/hakanbayindir/.m2/repository/edu/ucar/cdm/4.5.5/cdm-4.5.5.jar:/Users/hakanbayindir/.m2/repository/edu/ucar/udunits/4.5.5/udunits-4.5.5.jar:/Users/hakanbayindir/.m2/repository/joda-time/joda-time/2.2/joda-time-2.2.jar:/Users/hakanbayindir/.m2/repository/net/sf/ehcache/ehcache-core/2.6.2/ehcache-core-2.6.2.jar:/Users/hakanbayindir/.m2/repository/org/quartz-scheduler/quartz/2.3.2/quartz-2.3.2.jar:/Users/hakanbayindir/.m2/repository/com/mchange/c3p0/0.9.5.5/c3p0-0.9.5.5.jar:/Users/hakanbayindir/.m2/repository/com/mchange/mchange-commons-java/0.2.19/mchange-commons-java-0.2.19.jar:/Users/hakanbayindir/.m2/repository/edu/ucar/httpservices/4.5.5/httpservices-4.5.5.jar:/Users/hakanbayindir/.m2/repository/org/apache/httpcomponents/httpmime/4.5.13/httpmime-4.5.13.jar:/Users/hakanbayindir/.m2/repository/org/apache/commons/commons-csv/1.8/commons-csv-1.8.jar:/Users/hakanbayindir/.m2/repository/org/apache/sis/core/sis-utility/1.0/sis-utility-1.0.jar:/Users/hakanbayindir/.m2/repository/javax/measure/unit-api/1.0/unit-api-1.0.jar:/Users/hakanbayindir/.m2/repository/org/apache/sis/storage/sis-netcdf/1.0/sis-netcdf-1.0.jar:/Users/hakanbayindir/.m2/repository/org/apache/sis/storage/sis-storage/1.0/sis-storage-1.0.jar:/Users/hakanbayindir/.m2/repository/org/apache/sis/core/sis-feature/1.0/sis-feature-1.0.jar:/Users/hakanbayindir/.m2/repository/org/apache/sis/core/sis-referencing/1.0/sis-referencing-1.0.jar:/Users/hakanbayindir/.m2/repository/org/apache/sis/core/sis-metadata/1.0/sis-metadata-1.0.jar:/Users/hakanbayindir/.m2/repository/org/opengis/geoapi/3.0.1/geoapi-3.0.1.jar:/Users/hakanbayindir/.m2/repository/edu/usc/ir/sentiment-analysis-parser/0.1/sentiment-analysis-parser-0.1.jar:/Users/hakanbayindir/.m2/repository/org/apache/pdfbox/jbig2-imageio/3.0.3/jbig2-imageio-3.0.3.jar:/Users/hakanbayindir/.m2/repository/com/github/jai-imageio/jai-imageio-core/1.4.0/jai-imageio-core-1.4.0.jar:/Users/hakanbayindir/.m2/repository/org/projectlombok/lombok/1.18.20/lombok-1.18.20.jar:/Users/hakanbayindir/.m2/repository/org/springframework/boot/spring-boot-starter-test/2.5.4/spring-boot-starter-test-2.5.4.jar:/Users/hakanbayindir/.m2/repository/org/springframework/boot/spring-boot-test/2.5.4/spring-boot-test-2.5.4.jar:/Users/hakanbayindir/.m2/repository/org/springframework/boot/spring-boot-test-autoconfigure/2.5.4/spring-boot-test-autoconfigure-2.5.4.jar:/Users/hakanbayindir/.m2/repository/com/jayway/jsonpath/json-path/2.5.0/json-path-2.5.0.jar:/Users/hakanbayindir/.m2/repository/net/minidev/json-smart/2.4.7/json-smart-2.4.7.jar:/Users/hakanbayindir/.m2/repository/net/minidev/accessors-smart/2.4.7/accessors-smart-2.4.7.jar:/Users/hakanbayindir/.m2/repository/jakarta/xml/bind/jakarta.xml.bind-api/2.3.3/jakarta.xml.bind-api-2.3.3.jar:/Users/hakanbayindir/.m2/repository/jakarta/activation/jakarta.activation-api/1.2.2/jakarta.activation-api-1.2.2.jar:/Users/hakanbayindir/.m2/repository/org/assertj/assertj-core/3.19.0/assertj-core-3.19.0.jar:/Users/hakanbayindir/.m2/repository/org/hamcrest/hamcrest/2.2/hamcrest-2.2.jar:/Users/hakanbayindir/.m2/repository/org/mockito/mockito-core/3.9.0/mockito-core-3.9.0.jar:/Users/hakanbayindir/.m2/repository/net/bytebuddy/byte-buddy/1.10.22/byte-buddy-1.10.22.jar:/Users/hakanbayindir/.m2/repository/net/bytebuddy/byte-buddy-agent/1.10.22/byte-buddy-agent-1.10.22.jar:/Users/hakanbayindir/.m2/repository/org/objenesis/objenesis/3.2/objenesis-3.2.jar:/Users/hakanbayindir/.m2/repository/org/mockito/mockito-junit-jupiter/3.9.0/mockito-junit-jupiter-3.9.0.jar:/Users/hakanbayindir/.m2/repository/org/skyscreamer/jsonassert/1.5.0/jsonassert-1.5.0.jar:/Users/hakanbayindir/.m2/repository/com/vaadin/external/google/android-json/0.0.20131108.vaadin1/android-json-0.0.20131108.vaadin1.jar:/Users/hakanbayindir/.m2/repository/org/springframework/spring-test/5.3.9/spring-test-5.3.9.jar:/Users/hakanbayindir/.m2/repository/org/xmlunit/xmlunit-core/2.8.2/xmlunit-core-2.8.2.jar:/Users/hakanbayindir/.m2/repository/org/junit/jupiter/junit-jupiter/5.8.2/junit-jupiter-5.8.2.jar:/Users/hakanbayindir/.m2/repository/org/junit/jupiter/junit-jupiter-api/5.7.2/junit-jupiter-api-5.7.2.jar:/Users/hakanbayindir/.m2/repository/org/apiguardian/apiguardian-api/1.1.0/apiguardian-api-1.1.0.jar:/Users/hakanbayindir/.m2/repository/org/opentest4j/opentest4j/1.2.0/opentest4j-1.2.0.jar:/Users/hakanbayindir/.m2/repository/org/junit/platform/junit-platform-commons/1.7.2/junit-platform-commons-1.7.2.jar:/Users/hakanbayindir/.m2/repository/org/junit/jupiter/junit-jupiter-params/5.7.2/junit-jupiter-params-5.7.2.jar:/Users/hakanbayindir/.m2/repository/org/junit/jupiter/junit-jupiter-engine/5.7.2/junit-jupiter-engine-5.7.2.jar:/Users/hakanbayindir/.m2/repository/org/junit/platform/junit-platform-engine/1.7.2/junit-platform-engine-1.7.2.jar:"/>
    <property name="java.vm.vendor" value="Eclipse Adoptium"/>
    <property name="sun.arch.data.model" value="64"/>
    <property name="java.vendor.url" value="https://adoptium.net/"/>
    <property name="os.name" value="Mac OS X"/>
    <property name="java.vm.specification.version" value="17"/>
    <property name="sun.java.launcher" value="SUN_STANDARD"/>
    <property name="user.country" value="DE"/>
    <property name="sun.boot.library.path" value="/Users/hakanbayindir/.sdkman/candidates/java/17.0.8-tem/lib"/>
    <property name="sun.java.command" value="/Users/hakanbayindir/WebstormProjects/XmasWishes/xmaswishes-camel/target/surefire/surefirebooter10811956204167301896.jar /Users/hakanbayindir/WebstormProjects/XmasWishes/xmaswishes-camel/target/surefire 2025-01-26T18-55-02_288-jvmRun1 surefire2223031702986305927tmp surefire_017226788273043136902tmp"/>
    <property name="http.nonProxyHosts" value="local|*.local|169.254/16|*.169.254/16"/>
    <property name="jdk.debug" value="release"/>
    <property name="surefire.test.class.path" value="/Users/hakanbayindir/WebstormProjects/XmasWishes/xmaswishes-camel/target/test-classes:/Users/hakanbayindir/WebstormProjects/XmasWishes/xmaswishes-camel/target/classes:/Users/hakanbayindir/.m2/repository/org/springframework/boot/spring-boot-starter/2.5.4/spring-boot-starter-2.5.4.jar:/Users/hakanbayindir/.m2/repository/org/springframework/boot/spring-boot/2.5.4/spring-boot-2.5.4.jar:/Users/hakanbayindir/.m2/repository/org/springframework/spring-context/5.3.9/spring-context-5.3.9.jar:/Users/hakanbayindir/.m2/repository/org/springframework/spring-aop/5.3.9/spring-aop-5.3.9.jar:/Users/hakanbayindir/.m2/repository/org/springframework/spring-beans/5.3.9/spring-beans-5.3.9.jar:/Users/hakanbayindir/.m2/repository/org/springframework/spring-expression/5.3.9/spring-expression-5.3.9.jar:/Users/hakanbayindir/.m2/repository/org/springframework/boot/spring-boot-autoconfigure/2.5.4/spring-boot-autoconfigure-2.5.4.jar:/Users/hakanbayindir/.m2/repository/org/springframework/boot/spring-boot-starter-logging/2.5.4/spring-boot-starter-logging-2.5.4.jar:/Users/hakanbayindir/.m2/repository/ch/qos/logback/logback-classic/1.2.5/logback-classic-1.2.5.jar:/Users/hakanbayindir/.m2/repository/ch/qos/logback/logback-core/1.2.5/logback-core-1.2.5.jar:/Users/hakanbayindir/.m2/repository/org/apache/logging/log4j/log4j-to-slf4j/2.14.1/log4j-to-slf4j-2.14.1.jar:/Users/hakanbayindir/.m2/repository/org/apache/logging/log4j/log4j-api/2.14.1/log4j-api-2.14.1.jar:/Users/hakanbayindir/.m2/repository/org/slf4j/jul-to-slf4j/1.7.32/jul-to-slf4j-1.7.32.jar:/Users/hakanbayindir/.m2/repository/jakarta/annotation/jakarta.annotation-api/1.3.5/jakarta.annotation-api-1.3.5.jar:/Users/hakanbayindir/.m2/repository/org/springframework/spring-core/5.3.9/spring-core-5.3.9.jar:/Users/hakanbayindir/.m2/repository/org/springframework/spring-jcl/5.3.9/spring-jcl-5.3.9.jar:/Users/hakanbayindir/.m2/repository/org/yaml/snakeyaml/1.28/snakeyaml-1.28.jar:/Users/hakanbayindir/.m2/repository/org/apache/camel/springboot/camel-spring-boot-starter/3.11.0/camel-spring-boot-starter-3.11.0.jar:/Users/hakanbayindir/.m2/repository/org/apache/camel/springboot/camel-spring-boot/3.11.0/camel-spring-boot-3.11.0.jar:/Users/hakanbayindir/.m2/repository/org/apache/camel/camel-spring/3.11.0/camel-spring-3.11.0.jar:/Users/hakanbayindir/.m2/repository/org/springframework/spring-tx/5.3.9/spring-tx-5.3.9.jar:/Users/hakanbayindir/.m2/repository/org/apache/camel/camel-spring-main/3.11.0/camel-spring-main-3.11.0.jar:/Users/hakanbayindir/.m2/repository/org/apache/camel/camel-main/3.11.0/camel-main-3.11.0.jar:/Users/hakanbayindir/.m2/repository/org/apache/camel/camel-core-languages/3.11.0/camel-core-languages-3.11.0.jar:/Users/hakanbayindir/.m2/repository/org/apache/camel/camel-xml-jaxb-dsl/3.11.0/camel-xml-jaxb-dsl-3.11.0.jar:/Users/hakanbayindir/.m2/repository/org/apache/camel/camel-xml-jaxb/3.11.0/camel-xml-jaxb-3.11.0.jar:/Users/hakanbayindir/.m2/repository/com/sun/xml/bind/jaxb-core/2.3.0/jaxb-core-2.3.0.jar:/Users/hakanbayindir/.m2/repository/com/sun/xml/bind/jaxb-impl/2.3.3/jaxb-impl-2.3.3.jar:/Users/hakanbayindir/.m2/repository/org/apache/camel/camel-dsl-support/3.11.0/camel-dsl-support-3.11.0.jar:/Users/hakanbayindir/.m2/repository/org/apache/camel/camel-endpointdsl/3.11.0/camel-endpointdsl-3.11.0.jar:/Users/hakanbayindir/.m2/repository/org/apache/camel/camel-spring-xml/3.11.0/camel-spring-xml-3.11.0.jar:/Users/hakanbayindir/.m2/repository/org/apache/camel/camel-core-xml/3.11.0/camel-core-xml-3.11.0.jar:/Users/hakanbayindir/.m2/repository/org/apache/camel/camel-health/3.11.0/camel-health-3.11.0.jar:/Users/hakanbayindir/.m2/repository/org/apache/camel/springboot/camel-core-starter/3.11.0/camel-core-starter-3.11.0.jar:/Users/hakanbayindir/.m2/repository/org/apache/camel/springboot/camel-bean-starter/3.11.0/camel-bean-starter-3.11.0.jar:/Users/hakanbayindir/.m2/repository/org/apache/camel/camel-bean/3.11.0/camel-bean-3.11.0.jar:/Users/hakanbayindir/.m2/repository/org/apache/camel/springboot/camel-browse-starter/3.11.0/camel-browse-starter-3.11.0.jar:/Users/hakanbayindir/.m2/repository/org/apache/camel/camel-browse/3.11.0/camel-browse-3.11.0.jar:/Users/hakanbayindir/.m2/repository/org/apache/camel/springboot/camel-controlbus-starter/3.11.0/camel-controlbus-starter-3.11.0.jar:/Users/hakanbayindir/.m2/repository/org/apache/camel/camel-controlbus/3.11.0/camel-controlbus-3.11.0.jar:/Users/hakanbayindir/.m2/repository/org/apache/camel/springboot/camel-dataformat-starter/3.11.0/camel-dataformat-starter-3.11.0.jar:/Users/hakanbayindir/.m2/repository/org/apache/camel/camel-dataformat/3.11.0/camel-dataformat-3.11.0.jar:/Users/hakanbayindir/.m2/repository/org/apache/camel/springboot/camel-dataset-starter/3.11.0/camel-dataset-starter-3.11.0.jar:/Users/hakanbayindir/.m2/repository/org/apache/camel/camel-dataset/3.11.0/camel-dataset-3.11.0.jar:/Users/hakanbayindir/.m2/repository/org/apache/camel/springboot/camel-direct-starter/3.11.0/camel-direct-starter-3.11.0.jar:/Users/hakanbayindir/.m2/repository/org/apache/camel/camel-direct/3.11.0/camel-direct-3.11.0.jar:/Users/hakanbayindir/.m2/repository/org/apache/camel/springboot/camel-directvm-starter/3.11.0/camel-directvm-starter-3.11.0.jar:/Users/hakanbayindir/.m2/repository/org/apache/camel/camel-directvm/3.11.0/camel-directvm-3.11.0.jar:/Users/hakanbayindir/.m2/repository/org/apache/camel/springboot/camel-file-starter/3.11.0/camel-file-starter-3.11.0.jar:/Users/hakanbayindir/.m2/repository/org/apache/camel/springboot/camel-language-starter/3.11.0/camel-language-starter-3.11.0.jar:/Users/hakanbayindir/.m2/repository/org/apache/camel/camel-language/3.11.0/camel-language-3.11.0.jar:/Users/hakanbayindir/.m2/repository/org/apache/camel/springboot/camel-log-starter/3.11.0/camel-log-starter-3.11.0.jar:/Users/hakanbayindir/.m2/repository/org/apache/camel/springboot/camel-mock-starter/3.11.0/camel-mock-starter-3.11.0.jar:/Users/hakanbayindir/.m2/repository/org/apache/camel/camel-mock/3.11.0/camel-mock-3.11.0.jar:/Users/hakanbayindir/.m2/repository/org/apache/camel/springboot/camel-ref-starter/3.11.0/camel-ref-starter-3.11.0.jar:/Users/hakanbayindir/.m2/repository/org/apache/camel/camel-ref/3.11.0/camel-ref-3.11.0.jar:/Users/hakanbayindir/.m2/repository/org/apache/camel/springboot/camel-rest-starter/3.11.0/camel-rest-starter-3.11.0.jar:/Users/hakanbayindir/.m2/repository/org/apache/camel/camel-rest/3.11.0/camel-rest-3.11.0.jar:/Users/hakanbayindir/.m2/repository/org/apache/camel/camel-tooling-model/3.11.0/camel-tooling-model-3.11.0.jar:/Users/hakanbayindir/.m2/repository/org/apache/camel/camel-util-json/3.11.0/camel-util-json-3.11.0.jar:/Users/hakanbayindir/.m2/repository/org/apache/camel/springboot/camel-saga-starter/3.11.0/camel-saga-starter-3.11.0.jar:/Users/hakanbayindir/.m2/repository/org/apache/camel/camel-saga/3.11.0/camel-saga-3.11.0.jar:/Users/hakanbayindir/.m2/repository/org/apache/camel/springboot/camel-scheduler-starter/3.11.0/camel-scheduler-starter-3.11.0.jar:/Users/hakanbayindir/.m2/repository/org/apache/camel/camel-scheduler/3.11.0/camel-scheduler-3.11.0.jar:/Users/hakanbayindir/.m2/repository/org/apache/camel/springboot/camel-seda-starter/3.11.0/camel-seda-starter-3.11.0.jar:/Users/hakanbayindir/.m2/repository/org/apache/camel/camel-seda/3.11.0/camel-seda-3.11.0.jar:/Users/hakanbayindir/.m2/repository/org/apache/camel/springboot/camel-stub-starter/3.11.0/camel-stub-starter-3.11.0.jar:/Users/hakanbayindir/.m2/repository/org/apache/camel/camel-stub/3.11.0/camel-stub-3.11.0.jar:/Users/hakanbayindir/.m2/repository/org/apache/camel/springboot/camel-timer-starter/3.11.0/camel-timer-starter-3.11.0.jar:/Users/hakanbayindir/.m2/repository/org/apache/camel/camel-timer/3.11.0/camel-timer-3.11.0.jar:/Users/hakanbayindir/.m2/repository/org/apache/camel/springboot/camel-validator-starter/3.11.0/camel-validator-starter-3.11.0.jar:/Users/hakanbayindir/.m2/repository/org/apache/camel/camel-validator/3.11.0/camel-validator-3.11.0.jar:/Users/hakanbayindir/.m2/repository/org/apache/camel/springboot/camel-vm-starter/3.11.0/camel-vm-starter-3.11.0.jar:/Users/hakanbayindir/.m2/repository/org/apache/camel/camel-vm/3.11.0/camel-vm-3.11.0.jar:/Users/hakanbayindir/.m2/repository/org/apache/camel/springboot/camel-xpath-starter/3.11.0/camel-xpath-starter-3.11.0.jar:/Users/hakanbayindir/.m2/repository/org/apache/camel/camel-xpath/3.11.0/camel-xpath-3.11.0.jar:/Users/hakanbayindir/.m2/repository/org/apache/camel/springboot/camel-xslt-starter/3.11.0/camel-xslt-starter-3.11.0.jar:/Users/hakanbayindir/.m2/repository/org/apache/camel/camel-xslt/3.11.0/camel-xslt-3.11.0.jar:/Users/hakanbayindir/.m2/repository/org/apache/camel/springboot/camel-xml-jaxp-starter/3.11.0/camel-xml-jaxp-starter-3.11.0.jar:/Users/hakanbayindir/.m2/repository/org/apache/camel/camel-xml-jaxp/3.11.0/camel-xml-jaxp-3.11.0.jar:/Users/hakanbayindir/.m2/repository/org/apache/camel/camel-xml-io-util/3.11.0/camel-xml-io-util-3.11.0.jar:/Users/hakanbayindir/.m2/repository/org/apache/camel/camel-http/3.11.0/camel-http-3.11.0.jar:/Users/hakanbayindir/.m2/repository/org/apache/camel/camel-cloud/3.11.0/camel-cloud-3.11.0.jar:/Users/hakanbayindir/.m2/repository/org/apache/camel/camel-core-model/3.11.0/camel-core-model-3.11.0.jar:/Users/hakanbayindir/.m2/repository/org/apache/camel/camel-core-processor/3.11.0/camel-core-processor-3.11.0.jar:/Users/hakanbayindir/.m2/repository/org/apache/camel/camel-http-common/3.11.0/camel-http-common-3.11.0.jar:/Users/hakanbayindir/.m2/repository/org/apache/camel/camel-http-base/3.11.0/camel-http-base-3.11.0.jar:/Users/hakanbayindir/.m2/repository/org/apache/camel/camel-attachments/3.11.0/camel-attachments-3.11.0.jar:/Users/hakanbayindir/.m2/repository/com/sun/activation/javax.activation/1.2.0/javax.activation-1.2.0.jar:/Users/hakanbayindir/.m2/repository/javax/servlet/javax.servlet-api/4.0.1/javax.servlet-api-4.0.1.jar:/Users/hakanbayindir/.m2/repository/org/apache/httpcomponents/httpclient/4.5.13/httpclient-4.5.13.jar:/Users/hakanbayindir/.m2/repository/org/apache/httpcomponents/httpcore/4.4.14/httpcore-4.4.14.jar:/Users/hakanbayindir/.m2/repository/commons-codec/commons-codec/1.15/commons-codec-1.15.jar:/Users/hakanbayindir/.m2/repository/org/apache/camel/camel-file/3.11.0/camel-file-3.11.0.jar:/Users/hakanbayindir/.m2/repository/org/apache/camel/camel-support/3.11.0/camel-support-3.11.0.jar:/Users/hakanbayindir/.m2/repository/org/apache/camel/camel-api/3.11.0/camel-api-3.11.0.jar:/Users/hakanbayindir/.m2/repository/org/apache/camel/camel-management-api/3.11.0/camel-management-api-3.11.0.jar:/Users/hakanbayindir/.m2/repository/org/apache/camel/camel-util/3.11.0/camel-util-3.11.0.jar:/Users/hakanbayindir/.m2/repository/org/slf4j/slf4j-api/1.7.32/slf4j-api-1.7.32.jar:/Users/hakanbayindir/.m2/repository/org/apache/camel/camel-cluster/3.11.0/camel-cluster-3.11.0.jar:/Users/hakanbayindir/.m2/repository/org/apache/camel/camel-base-engine/3.11.0/camel-base-engine-3.11.0.jar:/Users/hakanbayindir/.m2/repository/org/apache/camel/camel-base/3.11.0/camel-base-3.11.0.jar:/Users/hakanbayindir/.m2/repository/org/apache/camel/camel-jackson/3.11.0/camel-jackson-3.11.0.jar:/Users/hakanbayindir/.m2/repository/org/apache/camel/camel-core-engine/3.11.0/camel-core-engine-3.11.0.jar:/Users/hakanbayindir/.m2/repository/org/apache/camel/camel-core-reifier/3.11.0/camel-core-reifier-3.11.0.jar:/Users/hakanbayindir/.m2/repository/com/fasterxml/jackson/core/jackson-databind/2.12.4/jackson-databind-2.12.4.jar:/Users/hakanbayindir/.m2/repository/com/fasterxml/jackson/core/jackson-annotations/2.12.4/jackson-annotations-2.12.4.jar:/Users/hakanbayindir/.m2/repository/com/fasterxml/jackson/core/jackson-core/2.12.4/jackson-core-2.12.4.jar:/Users/hakanbayindir/.m2/repository/org/apache/camel/camel-log/3.11.0/camel-log-3.11.0.jar:/Users/hakanbayindir/.m2/repository/org/apache/camel/camel-tika/3.11.0/camel-tika-3.11.0.jar:/Users/hakanbayindir/.m2/repository/org/apache/tika/tika-core/1.26/tika-core-1.26.jar:/Users/hakanbayindir/.m2/repository/javax/xml/bind/jaxb-api/2.3.1/jaxb-api-2.3.1.jar:/Users/hakanbayindir/.m2/repository/javax/activation/javax.activation-api/1.2.0/javax.activation-api-1.2.0.jar:/Users/hakanbayindir/.m2/repository/javax/activation/activation/1.1.1/activation-1.1.1.jar:/Users/hakanbayindir/.m2/repository/org/apache/tika/tika-parsers/1.26/tika-parsers-1.26.jar:/Users/hakanbayindir/.m2/repository/xerces/xercesImpl/2.12.1/xercesImpl-2.12.1.jar:/Users/hakanbayindir/.m2/repository/xml-apis/xml-apis/1.4.01/xml-apis-1.4.01.jar:/Users/hakanbayindir/.m2/repository/com/fasterxml/woodstox/woodstox-core/6.2.4/woodstox-core-6.2.4.jar:/Users/hakanbayindir/.m2/repository/org/codehaus/woodstox/stax2-api/4.2.1/stax2-api-4.2.1.jar:/Users/hakanbayindir/.m2/repository/org/apache/commons/commons-lang3/3.12.0/commons-lang3-3.12.0.jar:/Users/hakanbayindir/.m2/repository/javax/annotation/javax.annotation-api/1.3.2/javax.annotation-api-1.3.2.jar:/Users/hakanbayindir/.m2/repository/org/gagravarr/vorbis-java-tika/0.8/vorbis-java-tika-0.8.jar:/Users/hakanbayindir/.m2/repository/org/tallison/jmatio/1.5/jmatio-1.5.jar:/Users/hakanbayindir/.m2/repository/org/apache/james/apache-mime4j-core/0.8.3/apache-mime4j-core-0.8.3.jar:/Users/hakanbayindir/.m2/repository/org/apache/james/apache-mime4j-dom/0.8.3/apache-mime4j-dom-0.8.3.jar:/Users/hakanbayindir/.m2/repository/com/googlecode/plist/dd-plist/1.23/dd-plist-1.23.jar:/Users/hakanbayindir/.m2/repository/org/apache/commons/commons-compress/1.20/commons-compress-1.20.jar:/Users/hakanbayindir/.m2/repository/org/tukaani/xz/1.9/xz-1.9.jar:/Users/hakanbayindir/.m2/repository/com/epam/parso/2.0.14/parso-2.0.14.jar:/Users/hakanbayindir/.m2/repository/org/brotli/dec/0.1.2/dec-0.1.2.jar:/Users/hakanbayindir/.m2/repository/org/apache/pdfbox/pdfbox/2.0.23/pdfbox-2.0.23.jar:/Users/hakanbayindir/.m2/repository/org/apache/pdfbox/fontbox/2.0.23/fontbox-2.0.23.jar:/Users/hakanbayindir/.m2/repository/org/apache/pdfbox/pdfbox-tools/2.0.23/pdfbox-tools-2.0.23.jar:/Users/hakanbayindir/.m2/repository/org/apache/pdfbox/preflight/2.0.23/preflight-2.0.23.jar:/Users/hakanbayindir/.m2/repository/org/apache/pdfbox/jempbox/1.8.16/jempbox-1.8.16.jar:/Users/hakanbayindir/.m2/repository/org/apache/pdfbox/xmpbox/2.0.23/xmpbox-2.0.23.jar:/Users/hakanbayindir/.m2/repository/commons-logging/commons-logging/1.2/commons-logging-1.2.jar:/Users/hakanbayindir/.m2/repository/org/bouncycastle/bcmail-jdk15on/1.68/bcmail-jdk15on-1.68.jar:/Users/hakanbayindir/.m2/repository/org/bouncycastle/bcpkix-jdk15on/1.68/bcpkix-jdk15on-1.68.jar:/Users/hakanbayindir/.m2/repository/org/bouncycastle/bcprov-jdk15on/1.68/bcprov-jdk15on-1.68.jar:/Users/hakanbayindir/.m2/repository/org/apache/poi/poi/4.1.2/poi-4.1.2.jar:/Users/hakanbayindir/.m2/repository/org/apache/commons/commons-collections4/4.4/commons-collections4-4.4.jar:/Users/hakanbayindir/.m2/repository/org/apache/commons/commons-math3/3.6.1/commons-math3-3.6.1.jar:/Users/hakanbayindir/.m2/repository/com/zaxxer/SparseBitSet/1.2/SparseBitSet-1.2.jar:/Users/hakanbayindir/.m2/repository/org/apache/poi/poi-scratchpad/4.1.2/poi-scratchpad-4.1.2.jar:/Users/hakanbayindir/.m2/repository/org/apache/poi/poi-ooxml/4.1.2/poi-ooxml-4.1.2.jar:/Users/hakanbayindir/.m2/repository/org/apache/poi/poi-ooxml-schemas/4.1.2/poi-ooxml-schemas-4.1.2.jar:/Users/hakanbayindir/.m2/repository/org/apache/xmlbeans/xmlbeans/3.1.0/xmlbeans-3.1.0.jar:/Users/hakanbayindir/.m2/repository/com/github/virtuald/curvesapi/1.06/curvesapi-1.06.jar:/Users/hakanbayindir/.m2/repository/com/healthmarketscience/jackcess/jackcess/4.0.0/jackcess-4.0.0.jar:/Users/hakanbayindir/.m2/repository/com/healthmarketscience/jackcess/jackcess-encrypt/4.0.1/jackcess-encrypt-4.0.1.jar:/Users/hakanbayindir/.m2/repository/org/ccil/cowan/tagsoup/tagsoup/1.2.1/tagsoup-1.2.1.jar:/Users/hakanbayindir/.m2/repository/org/ow2/asm/asm/9.1/asm-9.1.jar:/Users/hakanbayindir/.m2/repository/org/tallison/isoparser/1.9.41.4/isoparser-1.9.41.4.jar:/Users/hakanbayindir/.m2/repository/org/tallison/metadata-extractor/2.15.0.1/metadata-extractor-2.15.0.1.jar:/Users/hakanbayindir/.m2/repository/org/tallison/xmp/xmpcore-shaded/6.1.11/xmpcore-shaded-6.1.11.jar:/Users/hakanbayindir/.m2/repository/de/l3s/boilerpipe/boilerpipe/1.1.0/boilerpipe-1.1.0.jar:/Users/hakanbayindir/.m2/repository/com/rometools/rome/1.15.0/rome-1.15.0.jar:/Users/hakanbayindir/.m2/repository/com/rometools/rome-utils/1.15.0/rome-utils-1.15.0.jar:/Users/hakanbayindir/.m2/repository/org/gagravarr/vorbis-java-core/0.8/vorbis-java-core-0.8.jar:/Users/hakanbayindir/.m2/repository/com/googlecode/juniversalchardet/juniversalchardet/1.0.3/juniversalchardet-1.0.3.jar:/Users/hakanbayindir/.m2/repository/org/codelibs/jhighlight/1.0.3/jhighlight-1.0.3.jar:/Users/hakanbayindir/.m2/repository/com/pff/java-libpst/0.9.3/java-libpst-0.9.3.jar:/Users/hakanbayindir/.m2/repository/com/github/junrar/junrar/7.4.0/junrar-7.4.0.jar:/Users/hakanbayindir/.m2/repository/org/apache/cxf/cxf-rt-rs-client/3.4.3/cxf-rt-rs-client-3.4.3.jar:/Users/hakanbayindir/.m2/repository/org/apache/cxf/cxf-rt-transports-http/3.4.3/cxf-rt-transports-http-3.4.3.jar:/Users/hakanbayindir/.m2/repository/org/apache/cxf/cxf-core/3.4.3/cxf-core-3.4.3.jar:/Users/hakanbayindir/.m2/repository/org/apache/ws/xmlschema/xmlschema-core/2.2.5/xmlschema-core-2.2.5.jar:/Users/hakanbayindir/.m2/repository/org/apache/cxf/cxf-rt-frontend-jaxrs/3.4.3/cxf-rt-frontend-jaxrs-3.4.3.jar:/Users/hakanbayindir/.m2/repository/jakarta/ws/rs/jakarta.ws.rs-api/2.1.6/jakarta.ws.rs-api-2.1.6.jar:/Users/hakanbayindir/.m2/repository/org/apache/cxf/cxf-rt-security/3.4.3/cxf-rt-security-3.4.3.jar:/Users/hakanbayindir/.m2/repository/jakarta/xml/ws/jakarta.xml.ws-api/2.3.3/jakarta.xml.ws-api-2.3.3.jar:/Users/hakanbayindir/.m2/repository/jakarta/jws/jakarta.jws-api/2.1.0/jakarta.jws-api-2.1.0.jar:/Users/hakanbayindir/.m2/repository/jakarta/xml/soap/jakarta.xml.soap-api/1.4.2/jakarta.xml.soap-api-1.4.2.jar:/Users/hakanbayindir/.m2/repository/com/sun/xml/messaging/saaj/saaj-impl/1.5.3/saaj-impl-1.5.3.jar:/Users/hakanbayindir/.m2/repository/org/jvnet/staxex/stax-ex/1.8.3/stax-ex-1.8.3.jar:/Users/hakanbayindir/.m2/repository/org/apache/geronimo/specs/geronimo-jta_1.1_spec/1.1.1/geronimo-jta_1.1_spec-1.1.1.jar:/Users/hakanbayindir/.m2/repository/org/jboss/spec/javax/rmi/jboss-rmi-api_1.0_spec/1.0.6.Final/jboss-rmi-api_1.0_spec-1.0.6.Final.jar:/Users/hakanbayindir/.m2/repository/org/glassfish/jaxb/jaxb-runtime/2.3.5/jaxb-runtime-2.3.5.jar:/Users/hakanbayindir/.m2/repository/org/glassfish/jaxb/txw2/2.3.5/txw2-2.3.5.jar:/Users/hakanbayindir/.m2/repository/com/sun/istack/istack-commons-runtime/3.0.12/istack-commons-runtime-3.0.12.jar:/Users/hakanbayindir/.m2/repository/com/sun/activation/jakarta.activation/1.2.2/jakarta.activation-1.2.2.jar:/Users/hakanbayindir/.m2/repository/org/apache/commons/commons-exec/1.3/commons-exec-1.3.jar:/Users/hakanbayindir/.m2/repository/org/apache/opennlp/opennlp-tools/1.9.3/opennlp-tools-1.9.3.jar:/Users/hakanbayindir/.m2/repository/commons-io/commons-io/2.8.0/commons-io-2.8.0.jar:/Users/hakanbayindir/.m2/repository/com/googlecode/json-simple/json-simple/1.1.1/json-simple-1.1.1.jar:/Users/hakanbayindir/.m2/repository/com/github/openjson/openjson/1.0.12/openjson-1.0.12.jar:/Users/hakanbayindir/.m2/repository/com/google/code/gson/gson/2.8.7/gson-2.8.7.jar:/Users/hakanbayindir/.m2/repository/org/slf4j/jcl-over-slf4j/1.7.32/jcl-over-slf4j-1.7.32.jar:/Users/hakanbayindir/.m2/repository/edu/ucar/netcdf4/4.5.5/netcdf4-4.5.5.jar:/Users/hakanbayindir/.m2/repository/org/jdom/jdom2/2.0.6/jdom2-2.0.6.jar:/Users/hakanbayindir/.m2/repository/com/google/guava/guava/30.1.1-jre/guava-30.1.1-jre.jar:/Users/hakanbayindir/.m2/repository/com/google/guava/failureaccess/1.0.1/failureaccess-1.0.1.jar:/Users/hakanbayindir/.m2/repository/com/google/guava/listenablefuture/9999.0-empty-to-avoid-conflict-with-guava/listenablefuture-9999.0-empty-to-avoid-conflict-with-guava.jar:/Users/hakanbayindir/.m2/repository/com/google/code/findbugs/jsr305/3.0.2/jsr305-3.0.2.jar:/Users/hakanbayindir/.m2/repository/org/checkerframework/checker-qual/3.8.0/checker-qual-3.8.0.jar:/Users/hakanbayindir/.m2/repository/com/google/errorprone/error_prone_annotations/2.5.1/error_prone_annotations-2.5.1.jar:/Users/hakanbayindir/.m2/repository/com/google/j2objc/j2objc-annotations/1.3/j2objc-annotations-1.3.jar:/Users/hakanbayindir/.m2/repository/edu/ucar/grib/4.5.5/grib-4.5.5.jar:/Users/hakanbayindir/.m2/repository/org/itadaki/bzip2/0.9.1/bzip2-0.9.1.jar:/Users/hakanbayindir/.m2/repository/net/jcip/jcip-annotations/1.0/jcip-annotations-1.0.jar:/Users/hakanbayindir/.m2/repository/com/beust/jcommander/1.81/jcommander-1.81.jar:/Users/hakanbayindir/.m2/repository/net/java/dev/jna/jna/5.8.0/jna-5.8.0.jar:/Users/hakanbayindir/.m2/repository/org/jsoup/jsoup/1.13.1/jsoup-1.13.1.jar:/Users/hakanbayindir/.m2/repository/com/google/protobuf/protobuf-java/3.15.6/protobuf-java-3.15.6.jar:/Users/hakanbayindir/.m2/repository/edu/ucar/cdm/4.5.5/cdm-4.5.5.jar:/Users/hakanbayindir/.m2/repository/edu/ucar/udunits/4.5.5/udunits-4.5.5.jar:/Users/hakanbayindir/.m2/repository/joda-time/joda-time/2.2/joda-time-2.2.jar:/Users/hakanbayindir/.m2/repository/net/sf/ehcache/ehcache-core/2.6.2/ehcache-core-2.6.2.jar:/Users/hakanbayindir/.m2/repository/org/quartz-scheduler/quartz/2.3.2/quartz-2.3.2.jar:/Users/hakanbayindir/.m2/repository/com/mchange/c3p0/0.9.5.5/c3p0-0.9.5.5.jar:/Users/hakanbayindir/.m2/repository/com/mchange/mchange-commons-java/0.2.19/mchange-commons-java-0.2.19.jar:/Users/hakanbayindir/.m2/repository/edu/ucar/httpservices/4.5.5/httpservices-4.5.5.jar:/Users/hakanbayindir/.m2/repository/org/apache/httpcomponents/httpmime/4.5.13/httpmime-4.5.13.jar:/Users/hakanbayindir/.m2/repository/org/apache/commons/commons-csv/1.8/commons-csv-1.8.jar:/Users/hakanbayindir/.m2/repository/org/apache/sis/core/sis-utility/1.0/sis-utility-1.0.jar:/Users/hakanbayindir/.m2/repository/javax/measure/unit-api/1.0/unit-api-1.0.jar:/Users/hakanbayindir/.m2/repository/org/apache/sis/storage/sis-netcdf/1.0/sis-netcdf-1.0.jar:/Users/hakanbayindir/.m2/repository/org/apache/sis/storage/sis-storage/1.0/sis-storage-1.0.jar:/Users/hakanbayindir/.m2/repository/org/apache/sis/core/sis-feature/1.0/sis-feature-1.0.jar:/Users/hakanbayindir/.m2/repository/org/apache/sis/core/sis-referencing/1.0/sis-referencing-1.0.jar:/Users/hakanbayindir/.m2/repository/org/apache/sis/core/sis-metadata/1.0/sis-metadata-1.0.jar:/Users/hakanbayindir/.m2/repository/org/opengis/geoapi/3.0.1/geoapi-3.0.1.jar:/Users/hakanbayindir/.m2/repository/edu/usc/ir/sentiment-analysis-parser/0.1/sentiment-analysis-parser-0.1.jar:/Users/hakanbayindir/.m2/repository/org/apache/pdfbox/jbig2-imageio/3.0.3/jbig2-imageio-3.0.3.jar:/Users/hakanbayindir/.m2/repository/com/github/jai-imageio/jai-imageio-core/1.4.0/jai-imageio-core-1.4.0.jar:/Users/hakanbayindir/.m2/repository/org/projectlombok/lombok/1.18.20/lombok-1.18.20.jar:/Users/hakanbayindir/.m2/repository/org/springframework/boot/spring-boot-starter-test/2.5.4/spring-boot-starter-test-2.5.4.jar:/Users/hakanbayindir/.m2/repository/org/springframework/boot/spring-boot-test/2.5.4/spring-boot-test-2.5.4.jar:/Users/hakanbayindir/.m2/repository/org/springframework/boot/spring-boot-test-autoconfigure/2.5.4/spring-boot-test-autoconfigure-2.5.4.jar:/Users/hakanbayindir/.m2/repository/com/jayway/jsonpath/json-path/2.5.0/json-path-2.5.0.jar:/Users/hakanbayindir/.m2/repository/net/minidev/json-smart/2.4.7/json-smart-2.4.7.jar:/Users/hakanbayindir/.m2/repository/net/minidev/accessors-smart/2.4.7/accessors-smart-2.4.7.jar:/Users/hakanbayindir/.m2/repository/jakarta/xml/bind/jakarta.xml.bind-api/2.3.3/jakarta.xml.bind-api-2.3.3.jar:/Users/hakanbayindir/.m2/repository/jakarta/activation/jakarta.activation-api/1.2.2/jakarta.activation-api-1.2.2.jar:/Users/hakanbayindir/.m2/repository/org/assertj/assertj-core/3.19.0/assertj-core-3.19.0.jar:/Users/hakanbayindir/.m2/repository/org/hamcrest/hamcrest/2.2/hamcrest-2.2.jar:/Users/hakanbayindir/.m2/repository/org/mockito/mockito-core/3.9.0/mockito-core-3.9.0.jar:/Users/hakanbayindir/.m2/repository/net/bytebuddy/byte-buddy/1.10.22/byte-buddy-1.10.22.jar:/Users/hakanbayindir/.m2/repository/net/bytebuddy/byte-buddy-agent/1.10.22/byte-buddy-agent-1.10.22.jar:/Users/hakanbayindir/.m2/repository/org/objenesis/objenesis/3.2/objenesis-3.2.jar:/Users/hakanbayindir/.m2/repository/org/mockito/mockito-junit-jupiter/3.9.0/mockito-junit-jupiter-3.9.0.jar:/Users/hakanbayindir/.m2/repository/org/skyscreamer/jsonassert/1.5.0/jsonassert-1.5.0.jar:/Users/hakanbayindir/.m2/repository/com/vaadin/external/google/android-json/0.0.20131108.vaadin1/android-json-0.0.20131108.vaadin1.jar:/Users/hakanbayindir/.m2/repository/org/springframework/spring-test/5.3.9/spring-test-5.3.9.jar:/Users/hakanbayindir/.m2/repository/org/xmlunit/xmlunit-core/2.8.2/xmlunit-core-2.8.2.jar:/Users/hakanbayindir/.m2/repository/org/junit/jupiter/junit-jupiter/5.8.2/junit-jupiter-5.8.2.jar:/Users/hakanbayindir/.m2/repository/org/junit/jupiter/junit-jupiter-api/5.7.2/junit-jupiter-api-5.7.2.jar:/Users/hakanbayindir/.m2/repository/org/apiguardian/apiguardian-api/1.1.0/apiguardian-api-1.1.0.jar:/Users/hakanbayindir/.m2/repository/org/opentest4j/opentest4j/1.2.0/opentest4j-1.2.0.jar:/Users/hakanbayindir/.m2/repository/org/junit/platform/junit-platform-commons/1.7.2/junit-platform-commons-1.7.2.jar:/Users/hakanbayindir/.m2/repository/org/junit/jupiter/junit-jupiter-params/5.7.2/junit-jupiter-params-5.7.2.jar:/Users/hakanbayindir/.m2/repository/org/junit/jupiter/junit-jupiter-engine/5.7.2/junit-jupiter-engine-5.7.2.jar:/Users/hakanbayindir/.m2/repository/org/junit/platform/junit-platform-engine/1.7.2/junit-platform-engine-1.7.2.jar:"/>
    <property name="sun.cpu.endian" value="little"/>
    <property name="user.home" value="/Users/hakanbayindir"/>
    <property name="user.language" value="de"/>
    <property name="java.specification.vendor" value="Oracle Corporation"/>
    <property name="java.version.date" value="2023-07-18"/>
    <property name="java.home" value="/Users/hakanbayindir/.sdkman/candidates/java/17.0.8-tem"/>
    <property name="file.separator" value="/"/>
    <property name="basedir" value="/Users/hakanbayindir/WebstormProjects/XmasWishes/xmaswishes-camel"/>
    <property name="java.vm.compressedOopsMode" value="Zero based"/>
    <property name="line.separator" value="&#10;"/>
    <property name="java.specification.name" value="Java Platform API Specification"/>
    <property name="java.vm.specification.vendor" value="Oracle Corporation"/>
    <property name="surefire.real.class.path" value="/Users/hakanbayindir/WebstormProjects/XmasWishes/xmaswishes-camel/target/surefire/surefirebooter10811956204167301896.jar"/>
    <property name="sun.management.compiler" value="HotSpot 64-Bit Tiered Compilers"/>
    <property name="ftp.nonProxyHosts" value="local|*.local|169.254/16|*.169.254/16"/>
    <property name="java.runtime.version" value="17.0.8+7"/>
    <property name="user.name" value="hakanbayindir"/>
    <property name="path.separator" value=":"/>
    <property name="os.version" value="15.1.1"/>
    <property name="java.runtime.name" value="OpenJDK Runtime Environment"/>
    <property name="file.encoding" value="UTF-8"/>
    <property name="java.vm.name" value="OpenJDK 64-Bit Server VM"/>
    <property name="java.vendor.version" value="Temurin-17.0.8+7"/>
    <property name="localRepository" value="/Users/hakanbayindir/.m2/repository"/>
    <property name="java.vendor.url.bug" value="https://github.com/adoptium/adoptium-support/issues"/>
    <property name="java.io.tmpdir" value="/var/folders/pn/vswpfl6x4nb94qtp1b5v88gc0000gn/T/"/>
    <property name="java.version" value="17.0.8"/>
    <property name="user.dir" value="/Users/hakanbayindir/WebstormProjects/XmasWishes/xmaswishes-camel"/>
    <property name="os.arch" value="aarch64"/>
    <property name="java.vm.specification.name" value="Java Virtual Machine Specification"/>
    <property name="native.encoding" value="UTF-8"/>
    <property name="java.library.path" value="/Users/hakanbayindir/Library/Java/Extensions:/Library/Java/Extensions:/Network/Library/Java/Extensions:/System/Library/Java/Extensions:/usr/lib/java:."/>
    <property name="java.vm.info" value="mixed mode"/>
    <property name="java.vendor" value="Eclipse Adoptium"/>
    <property name="java.vm.version" value="17.0.8+7"/>
    <property name="sun.io.unicode.encoding" value="UnicodeBig"/>
    <property name="socksNonProxyHosts" value="local|*.local|169.254/16|*.169.254/16"/>
    <property name="java.class.version" value="61.0"/>
  </properties>
  <testcase name="testApp" classname="com.example.xmaswishes.AppTest" time="0.006"/>
</testsuite>